<?xml version="1.0" encoding="UTF-8"?>
<!-- Generated by org.testng.reporters.JUnitReportReporter -->
<testsuite skipped="0" hostname="DESKTOP-6PJC0F0" name="testngsamples.Sample3" tests="3" failures="0" timestamp="2021-11-26T11:17:08 IST" time="0.010" errors="0">
  <testcase name="sighnUp" time="0.001" classname="testngsamples.Sample3"/>
  <system-out/>
  <testcase name="logIn" time="0.001" classname="testngsamples.Sample3"/>
  <system-out/>
  <testcase name="compose" time="0.008" classname="testngsamples.Sample3"/>
  <system-out/>
</testsuite> <!-- testngsamples.Sample3 -->
