<?xml version="1.0" encoding="UTF-8"?>
<!-- Generated by org.testng.reporters.JUnitReportReporter -->
<testsuite skipped="0" hostname="DESKTOP-6PJC0F0" name="testngsamples.Sample4" tests="1" failures="0" timestamp="2021-11-26T11:19:19 IST" time="0.008" errors="0">
  <testcase name="blogIn" time="0.008" classname="testngsamples.Sample4"/>
  <system-out/>
</testsuite> <!-- testngsamples.Sample4 -->
