<?xml version="1.0" encoding="UTF-8"?>
<!-- Generated by org.testng.reporters.JUnitReportReporter -->
<testsuite skipped="0" hostname="DESKTOP-6PJC0F0" name="testngsamples.Sample2" tests="3" failures="0" timestamp="2021-11-26T11:12:53 IST" time="0.010" errors="0">
  <testcase name="testCase1" time="0.008" classname="testngsamples.Sample2"/>
  <system-out/>
  <testcase name="testCase2" time="0.001" classname="testngsamples.Sample2"/>
  <system-out/>
  <testcase name="testCase3" time="0.001" classname="testngsamples.Sample2"/>
  <system-out/>
</testsuite> <!-- testngsamples.Sample2 -->
