<?xml version="1.0" encoding="UTF-8"?>
<!-- Generated by org.testng.reporters.JUnitReportReporter -->
<testsuite skipped="0" hostname="DESKTOP-6PJC0F0" name="testngsamples.Sample1" tests="1" failures="0" timestamp="2021-11-26T11:00:49 IST" time="0.007" errors="0">
  <testcase name="testCase1" time="0.007" classname="testngsamples.Sample1"/>
  <system-out/>
</testsuite> <!-- testngsamples.Sample1 -->
